This file contains any messages produced by compilers while
running configure, to aid debugging if configure makes a mistake.

configure:567: checking for a BSD compatible install
configure:620: checking whether build environment is sane
configure:677: checking whether make sets ${MAKE}
configure:723: checking for working aclocal-1.4
configure:736: checking for working autoconf
configure:749: checking for working automake-1.4
configure:762: checking for working autoheader
configure:775: checking for working makeinfo
configure:796: checking host system type
configure:817: checking whether to enable maintainer-specific portions of Makefiles
configure:846: checking for sed
configure:947: checking whether to include interlacing image code
configure:968: checking for gcc
configure:1081: checking whether the C compiler (gcc -DNDEBUG -O2 ) works
configure:1097: gcc -o conftest -DNDEBUG -O2   conftest.c  1>&5
configure:1123: checking whether the C compiler (gcc -DNDEBUG -O2 ) is a cross-compiler
configure:1128: checking whether we are using GNU C
configure:1156: checking whether gcc accepts -g
configure:1192: checking for c++
configure:1224: checking whether the C++ compiler (c++ -DNDEBUG -O2 ) works
configure:1240: c++ -o conftest -DNDEBUG -O2   conftest.C  1>&5
configure:1266: checking whether the C++ compiler (c++ -DNDEBUG -O2 ) is a cross-compiler
configure:1271: checking whether we are using GNU C++
configure:1299: checking whether c++ accepts -g
configure:1331: checking how to run the C preprocessor
configure:1415: checking for mawk
configure:1456: checking for a BSD compatible install
configure:1509: checking whether ln -s works
configure:1530: checking whether make sets ${MAKE}
configure:1559: checking for ranlib
configure:1593: checking for perl5
configure:1633: checking for minimum required perl version >= 5.004
configure:1643: checking for full perl installation
configure:1660: checking for X
configure:1974: checking for dnet_ntoa in -ldnet
configure:2015: checking for dnet_ntoa in -ldnet_stub
configure:2063: checking for gethostbyname
configure:2161: checking for connect
configure:2253: checking for remove
configure:2345: checking for shmat
configure:2446: checking for IceConnectionNumber in -lICE
configure:2490: checking for ANSI C header files
configure:2594: checking for sys/wait.h that is POSIX.1 compatible
configure:2639: checking for ctype.h
configure:2639: checking for strings.h
configure:2639: checking for fcntl.h
configure:2639: checking for libgen.h
configure:2639: checking for locale.h
configure:2639: checking for process.h
configure:2639: checking for signal.h
configure:2639: checking for stdio.h
configure:2639: checking for time.h
configure:2639: checking for errno.h
configure:2639: checking for unistd.h
configure:2639: checking for sys/signal.h
configure:2639: checking for sys/param.h
configure:2639: checking for sys/select.h
configure:2639: checking for sys/stat.h
configure:2639: checking for sys/time.h
configure:2639: checking for sys/types.h
configure:2639: checking for sys/wait.h
configure:2639: checking for stdlib.h
configure:2639: checking for string.h
configure:2639: checking for malloc.h
configure:2678: checking for working const
configure:2753: checking for inline
configure:2793: checking whether time.h and sys/time.h may both be included
configure:2828: checking whether struct tm is in sys/time.h or time.h
configure:2864: checking return type of signal handlers
configure:2907: checking for setlocale
configure:2907: checking for sigaction
configure:2907: checking for strftime
configure:2907: checking for gettimeofday
configure:2907: checking for memset
configure:2907: checking for strcasecmp
configure:2907: checking for strchr
configure:2907: checking for strcspn
configure:2907: checking for strdup
configure:2907: checking for strncasecmp
configure:2907: checking for select
configure:2907: checking for strstr
configure:2965: checking for XOpenDisplay in -lX11
